# JRE version: OpenJDK Runtime Environment (11.0.19+7) (build 11.0.19+7-post-Ubuntu-0ubuntu120.04.1)
# Java VM: OpenJDK 64-Bit Server VM (11.0.19+7-post-Ubuntu-0ubuntu120.04.1, mixed mode, sharing, tiered, compressed oops, g1 gc, linux-amd64)
Heap:
 garbage-first heap   total 135168K, used 37959K [0x0000000094a00000, 0x0000000100000000)
  region size 1024K, 10 young (10240K), 8 survivors (8192K)
 Metaspace       used 104618K, capacity 109548K, committed 109828K, reserved 1142784K
  class space    used 14722K, capacity 17208K, committed 17280K, reserved 1048576K
GC Heap History (20 events):
Event: 2.695 GC heap before
{Heap before GC invocations=6 (full 0):
 garbage-first heap   total 112640K, used 42619K [0x0000000094a00000, 0x0000000100000000)
  region size 1024K, 31 young (31744K), 6 survivors (6144K)
 Metaspace       used 34334K, capacity 35497K, committed 35628K, reserved 1079296K
  class space    used 4842K, capacity 5455K, committed 5504K, reserved 1048576K
}
Event: 2.702 GC heap after
{Heap after GC invocations=7 (full 0):
 garbage-first heap   total 112640K, used 18558K [0x0000000094a00000, 0x0000000100000000)
  region size 1024K, 5 young (5120K), 5 survivors (5120K)
 Metaspace       used 34334K, capacity 35497K, committed 35628K, reserved 1079296K
  class space    used 4842K, capacity 5455K, committed 5504K, reserved 1048576K
}
Event: 3.021 GC heap before
{Heap before GC invocations=8 (full 0):
 garbage-first heap   total 112640K, used 70782K [0x0000000094a00000, 0x0000000100000000)
  region size 1024K, 57 young (58368K), 5 survivors (5120K)
 Metaspace       used 42173K, capacity 43642K, committed 44076K, reserved 1087488K
  class space    used 5859K, capacity 6660K, committed 6784K, reserved 1048576K
}
Event: 3.029 GC heap after
{Heap after GC invocations=9 (full 0):
 garbage-first heap   total 135168K, used 20664K [0x0000000094a00000, 0x0000000100000000)
  region size 1024K, 6 young (6144K), 6 survivors (6144K)
 Metaspace       used 42173K, capacity 43642K, committed 44076K, reserved 1087488K
  class space    used 5859K, capacity 6660K, committed 6784K, reserved 1048576K
}
Event: 3.443 GC heap before
{Heap before GC invocations=9 (full 0):
 garbage-first heap   total 135168K, used 83128K [0x0000000094a00000, 0x0000000100000000)
  region size 1024K, 67 young (68608K), 6 survivors (6144K)
 Metaspace       used 52841K, capacity 54497K, committed 54700K, reserved 1095680K
  class space    used 7241K, capacity 8141K, committed 8192K, reserved 1048576K
}
Event: 3.449 GC heap after
{Heap after GC invocations=10 (full 0):
 garbage-first heap   total 135168K, used 22717K [0x0000000094a00000, 0x0000000100000000)
  region size 1024K, 5 young (5120K), 5 survivors (5120K)
 Metaspace       used 52841K, capacity 54497K, committed 54700K, reserved 1095680K
  class space    used 7241K, capacity 8141K, committed 8192K, reserved 1048576K
}
Event: 3.602 GC heap before
{Heap before GC invocations=10 (full 0):
 garbage-first heap   total 135168K, used 45245K [0x0000000094a00000, 0x0000000100000000)
  region size 1024K, 29 young (29696K), 5 survivors (5120K)
 Metaspace       used 57751K, capacity 59439K, committed 59808K, reserved 1099776K
  class space    used 7764K, capacity 8676K, committed 8704K, reserved 1048576K
}
Event: 3.606 GC heap after
{Heap after GC invocations=11 (full 0):
 garbage-first heap   total 135168K, used 22717K [0x0000000094a00000, 0x0000000100000000)
  region size 1024K, 5 young (5120K), 5 survivors (5120K)
 Metaspace       used 57751K, capacity 59439K, committed 59808K, reserved 1099776K
  class space    used 7764K, capacity 8676K, committed 8704K, reserved 1048576K
}
Event: 4.264 GC heap before
{Heap before GC invocations=12 (full 0):
 garbage-first heap   total 135168K, used 86205K [0x0000000094a00000, 0x0000000100000000)
  region size 1024K, 67 young (68608K), 5 survivors (5120K)
 Metaspace       used 67032K, capacity 69099K, committed 69280K, reserved 1107968K
  class space    used 9257K, capacity 10388K, committed 10496K, reserved 1048576K
}
Event: 4.271 GC heap after
{Heap after GC invocations=13 (full 0):
 garbage-first heap   total 135168K, used 26481K [0x0000000094a00000, 0x0000000100000000)
  region size 1024K, 8 young (8192K), 8 survivors (8192K)
 Metaspace       used 67032K, capacity 69099K, committed 69280K, reserved 1107968K
  class space    used 9257K, capacity 10388K, committed 10496K, reserved 1048576K
}
Event: 8.027 GC heap before
{Heap before GC invocations=13 (full 0):
 garbage-first heap   total 135168K, used 88945K [0x0000000094a00000, 0x0000000100000000)
  region size 1024K, 70 young (71680K), 8 survivors (8192K)
 Metaspace       used 80104K, capacity 82905K, committed 83232K, reserved 1120256K
  class space    used 10869K, capacity 12304K, committed 12416K, reserved 1048576K
}
Event: 8.034 GC heap after
{Heap after GC invocations=14 (full 0):
 garbage-first heap   total 135168K, used 30236K [0x0000000094a00000, 0x0000000100000000)
  region size 1024K, 8 young (8192K), 8 survivors (8192K)
 Metaspace       used 80104K, capacity 82905K, committed 83232K, reserved 1120256K
  class space    used 10869K, capacity 12304K, committed 12416K, reserved 1048576K
}
Event: 8.484 GC heap before
{Heap before GC invocations=14 (full 0):
 garbage-first heap   total 135168K, used 93724K [0x0000000094a00000, 0x0000000100000000)
  region size 1024K, 71 young (72704K), 8 survivors (8192K)
 Metaspace       used 89526K, capacity 92859K, committed 92960K, reserved 1128448K
  class space    used 12435K, capacity 14157K, committed 14208K, reserved 1048576K
}
Event: 8.491 GC heap after
{Heap after GC invocations=15 (full 0):
 garbage-first heap   total 135168K, used 31660K [0x0000000094a00000, 0x0000000100000000)
  region size 1024K, 5 young (5120K), 5 survivors (5120K)
 Metaspace       used 89526K, capacity 92859K, committed 92960K, reserved 1128448K
  class space    used 12435K, capacity 14157K, committed 14208K, reserved 1048576K
}
Event: 9.763 GC heap before
{Heap before GC invocations=15 (full 0):
 garbage-first heap   total 135168K, used 96172K [0x0000000094a00000, 0x0000000100000000)
  region size 1024K, 69 young (70656K), 5 survivors (5120K)
 Metaspace       used 95410K, capacity 99247K, committed 99360K, reserved 1134592K
  class space    used 13171K, capacity 15129K, committed 15232K, reserved 1048576K
}
Event: 9.768 GC heap after
{Heap after GC invocations=16 (full 0):
 garbage-first heap   total 135168K, used 33116K [0x0000000094a00000, 0x0000000100000000)
  region size 1024K, 7 young (7168K), 7 survivors (7168K)
 Metaspace       used 95410K, capacity 99247K, committed 99360K, reserved 1134592K
  class space    used 13171K, capacity 15129K, committed 15232K, reserved 1048576K
}
Event: 9.797 GC heap before
{Heap before GC invocations=16 (full 0):
 garbage-first heap   total 135168K, used 36188K [0x0000000094a00000, 0x0000000100000000)
  region size 1024K, 11 young (11264K), 7 survivors (7168K)
 Metaspace       used 95895K, capacity 99806K, committed 99872K, reserved 1134592K
  class space    used 13254K, capacity 15221K, committed 15232K, reserved 1048576K
}
Event: 9.804 GC heap after
{Heap after GC invocations=17 (full 0):
 garbage-first heap   total 135168K, used 33409K [0x0000000094a00000, 0x0000000100000000)
  region size 1024K, 4 young (4096K), 4 survivors (4096K)
 Metaspace       used 95895K, capacity 99806K, committed 99872K, reserved 1134592K
  class space    used 13254K, capacity 15221K, committed 15232K, reserved 1048576K
}
Event: 11.083 GC heap before
{Heap before GC invocations=18 (full 0):
 garbage-first heap   total 135168K, used 105089K [0x0000000094a00000, 0x0000000100000000)
  region size 1024K, 69 young (70656K), 4 survivors (4096K)
 Metaspace       used 104596K, capacity 109524K, committed 109828K, reserved 1142784K
  class space    used 14716K, capacity 17199K, committed 17280K, reserved 1048576K
}
Event: 11.090 GC heap after
{Heap after GC invocations=19 (full 0):
 garbage-first heap   total 135168K, used 36935K [0x0000000094a00000, 0x0000000100000000)
  region size 1024K, 8 young (8192K), 8 survivors (8192K)
 Metaspace       used 104596K, capacity 109524K, committed 109828K, reserved 1142784K
  class space    used 14716K, capacity 17199K, committed 17280K, reserved 1048576K
}

