# JRE version: OpenJDK Runtime Environment (11.0.19+7) (build 11.0.19+7-post-Ubuntu-0ubuntu120.04.1)
# Java VM: OpenJDK 64-Bit Server VM (11.0.19+7-post-Ubuntu-0ubuntu120.04.1, mixed mode, sharing, tiered, compressed oops, g1 gc, linux-amd64)
Heap:
 garbage-first heap   total 162816K, used 42273K [0x0000000094a00000, 0x0000000100000000)
  region size 1024K, 16 young (16384K), 10 survivors (10240K)
 Metaspace       used 105903K, capacity 110976K, committed 111264K, reserved 1142784K
  class space    used 14809K, capacity 17313K, committed 17408K, reserved 1048576K
GC Heap History (20 events):
Event: 3.279 GC heap before
{Heap before GC invocations=8 (full 0):
 garbage-first heap   total 135168K, used 77442K [0x0000000094a00000, 0x0000000100000000)
  region size 1024K, 62 young (63488K), 5 survivors (5120K)
 Metaspace       used 43220K, capacity 44631K, committed 44844K, reserved 1087488K
  class space    used 5971K, capacity 6755K, committed 6784K, reserved 1048576K
}
Event: 3.287 GC heap after
{Heap after GC invocations=9 (full 0):
 garbage-first heap   total 135168K, used 21136K [0x0000000094a00000, 0x0000000100000000)
  region size 1024K, 7 young (7168K), 7 survivors (7168K)
 Metaspace       used 43220K, capacity 44631K, committed 44844K, reserved 1087488K
  class space    used 5971K, capacity 6755K, committed 6784K, reserved 1048576K
}
Event: 3.699 GC heap before
{Heap before GC invocations=9 (full 0):
 garbage-first heap   total 135168K, used 86672K [0x0000000094a00000, 0x0000000100000000)
  region size 1024K, 72 young (73728K), 7 survivors (7168K)
 Metaspace       used 55012K, capacity 56716K, committed 57004K, reserved 1097728K
  class space    used 7463K, capacity 8387K, committed 8448K, reserved 1048576K
}
Event: 3.704 GC heap after
{Heap after GC invocations=10 (full 0):
 garbage-first heap   total 135168K, used 23241K [0x0000000094a00000, 0x0000000100000000)
  region size 1024K, 6 young (6144K), 6 survivors (6144K)
 Metaspace       used 55012K, capacity 56716K, committed 57004K, reserved 1097728K
  class space    used 7463K, capacity 8387K, committed 8448K, reserved 1048576K
}
Event: 3.774 GC heap before
{Heap before GC invocations=10 (full 0):
 garbage-first heap   total 135168K, used 33481K [0x0000000094a00000, 0x0000000100000000)
  region size 1024K, 17 young (17408K), 6 survivors (6144K)
 Metaspace       used 57749K, capacity 59436K, committed 59808K, reserved 1099776K
  class space    used 7763K, capacity 8675K, committed 8704K, reserved 1048576K
}
Event: 3.778 GC heap after
{Heap after GC invocations=11 (full 0):
 garbage-first heap   total 135168K, used 22872K [0x0000000094a00000, 0x0000000100000000)
  region size 1024K, 5 young (5120K), 5 survivors (5120K)
 Metaspace       used 57749K, capacity 59436K, committed 59808K, reserved 1099776K
  class space    used 7763K, capacity 8675K, committed 8704K, reserved 1048576K
}
Event: 4.641 GC heap before
{Heap before GC invocations=12 (full 0):
 garbage-first heap   total 135168K, used 98648K [0x0000000094a00000, 0x0000000100000000)
  region size 1024K, 79 young (80896K), 5 survivors (5120K)
 Metaspace       used 69502K, capacity 71794K, committed 71968K, reserved 1110016K
  class space    used 9621K, capacity 10799K, committed 10880K, reserved 1048576K
}
Event: 4.652 GC heap after
{Heap after GC invocations=13 (full 0):
 garbage-first heap   total 135168K, used 27904K [0x0000000094a00000, 0x0000000100000000)
  region size 1024K, 10 young (10240K), 10 survivors (10240K)
 Metaspace       used 69502K, capacity 71794K, committed 71968K, reserved 1110016K
  class space    used 9621K, capacity 10799K, committed 10880K, reserved 1048576K
}
Event: 8.205 GC heap before
{Heap before GC invocations=13 (full 0):
 garbage-first heap   total 135168K, used 97536K [0x0000000094a00000, 0x0000000100000000)
  region size 1024K, 79 young (80896K), 10 survivors (10240K)
 Metaspace       used 82112K, capacity 85009K, committed 85280K, reserved 1122304K
  class space    used 11182K, capacity 12668K, committed 12672K, reserved 1048576K
}
Event: 8.213 GC heap after
{Heap after GC invocations=14 (full 0):
 garbage-first heap   total 162816K, used 30251K [0x0000000094a00000, 0x0000000100000000)
  region size 1024K, 8 young (8192K), 8 survivors (8192K)
 Metaspace       used 82112K, capacity 85009K, committed 85280K, reserved 1122304K
  class space    used 11182K, capacity 12668K, committed 12672K, reserved 1048576K
}
Event: 12.040 GC heap before
{Heap before GC invocations=14 (full 0):
 garbage-first heap   total 162816K, used 114219K [0x0000000094a00000, 0x0000000100000000)
  region size 1024K, 91 young (93184K), 8 survivors (8192K)
 Metaspace       used 94933K, capacity 98597K, committed 98720K, reserved 1132544K
  class space    used 12938K, capacity 14806K, committed 14848K, reserved 1048576K
}
Event: 12.047 GC heap after
{Heap after GC invocations=15 (full 0):
 garbage-first heap   total 162816K, used 33240K [0x0000000094a00000, 0x0000000100000000)
  region size 1024K, 6 young (6144K), 6 survivors (6144K)
 Metaspace       used 94933K, capacity 98597K, committed 98720K, reserved 1132544K
  class space    used 12938K, capacity 14806K, committed 14848K, reserved 1048576K
}
Event: 34.112 GC heap before
{Heap before GC invocations=15 (full 0):
 garbage-first heap   total 162816K, used 120280K [0x0000000094a00000, 0x0000000100000000)
  region size 1024K, 91 young (93184K), 6 survivors (6144K)
 Metaspace       used 95791K, capacity 99606K, committed 99872K, reserved 1134592K
  class space    used 13023K, capacity 14919K, committed 14976K, reserved 1048576K
}
Event: 34.116 GC heap after
{Heap after GC invocations=16 (full 0):
 garbage-first heap   total 162816K, used 33026K [0x0000000094a00000, 0x0000000100000000)
  region size 1024K, 6 young (6144K), 6 survivors (6144K)
 Metaspace       used 95791K, capacity 99606K, committed 99872K, reserved 1134592K
  class space    used 13023K, capacity 14919K, committed 14976K, reserved 1048576K
}
Event: 60.231 GC heap before
{Heap before GC invocations=16 (full 0):
 garbage-first heap   total 162816K, used 124162K [0x0000000094a00000, 0x0000000100000000)
  region size 1024K, 95 young (97280K), 6 survivors (6144K)
 Metaspace       used 95836K, capacity 99616K, committed 99872K, reserved 1134592K
  class space    used 13024K, capacity 14921K, committed 14976K, reserved 1048576K
}
Event: 60.236 GC heap after
{Heap after GC invocations=17 (full 0):
 garbage-first heap   total 162816K, used 32629K [0x0000000094a00000, 0x0000000100000000)
  region size 1024K, 6 young (6144K), 6 survivors (6144K)
 Metaspace       used 95836K, capacity 99616K, committed 99872K, reserved 1134592K
  class space    used 13024K, capacity 14921K, committed 14976K, reserved 1048576K
}
Event: 75.458 GC heap before
{Heap before GC invocations=17 (full 0):
 garbage-first heap   total 162816K, used 85877K [0x0000000094a00000, 0x0000000100000000)
  region size 1024K, 59 young (60416K), 6 survivors (6144K)
 Metaspace       used 96049K, capacity 99798K, committed 99872K, reserved 1134592K
  class space    used 13066K, capacity 14975K, committed 14976K, reserved 1048576K
}
Event: 75.463 GC heap after
{Heap after GC invocations=18 (full 0):
 garbage-first heap   total 162816K, used 32971K [0x0000000094a00000, 0x0000000100000000)
  region size 1024K, 6 young (6144K), 6 survivors (6144K)
 Metaspace       used 96049K, capacity 99798K, committed 99872K, reserved 1134592K
  class space    used 13066K, capacity 14975K, committed 14976K, reserved 1048576K
}
Event: 78.856 GC heap before
{Heap before GC invocations=19 (full 0):
 garbage-first heap   total 162816K, used 130251K [0x0000000094a00000, 0x0000000100000000)
  region size 1024K, 95 young (97280K), 6 survivors (6144K)
 Metaspace       used 105749K, capacity 110838K, committed 111008K, reserved 1142784K
  class space    used 14773K, capacity 17281K, committed 17408K, reserved 1048576K
}
Event: 78.863 GC heap after
{Heap after GC invocations=20 (full 0):
 garbage-first heap   total 162816K, used 37153K [0x0000000094a00000, 0x0000000100000000)
  region size 1024K, 10 young (10240K), 10 survivors (10240K)
 Metaspace       used 105749K, capacity 110838K, committed 111008K, reserved 1142784K
  class space    used 14773K, capacity 17281K, committed 17408K, reserved 1048576K
}

