# JRE version: OpenJDK Runtime Environment (11.0.19+7) (build 11.0.19+7-post-Ubuntu-0ubuntu120.04.1)
# Java VM: OpenJDK 64-Bit Server VM (11.0.19+7-post-Ubuntu-0ubuntu120.04.1, mixed mode, sharing, tiered, compressed oops, g1 gc, linux-amd64)
Heap:
 garbage-first heap   total 136192K, used 40307K [0x0000000094a00000, 0x0000000100000000)
  region size 1024K, 11 young (11264K), 7 survivors (7168K)
 Metaspace       used 105845K, capacity 110880K, committed 111000K, reserved 1142784K
  class space    used 14788K, capacity 17273K, committed 17388K, reserved 1048576K
GC Heap History (20 events):
Event: 3.103 GC heap before
{Heap before GC invocations=8 (full 0):
 garbage-first heap   total 112640K, used 69550K [0x0000000094a00000, 0x0000000100000000)
  region size 1024K, 55 young (56320K), 5 survivors (5120K)
 Metaspace       used 42160K, capacity 43642K, committed 43820K, reserved 1087488K
  class space    used 5857K, capacity 6660K, committed 6784K, reserved 1048576K
}
Event: 3.109 GC heap after
{Heap after GC invocations=9 (full 0):
 garbage-first heap   total 136192K, used 20782K [0x0000000094a00000, 0x0000000100000000)
  region size 1024K, 3 young (3072K), 3 survivors (3072K)
 Metaspace       used 42160K, capacity 43642K, committed 43820K, reserved 1087488K
  class space    used 5857K, capacity 6660K, committed 6784K, reserved 1048576K
}
Event: 3.543 GC heap before
{Heap before GC invocations=9 (full 0):
 garbage-first heap   total 136192K, used 85294K [0x0000000094a00000, 0x0000000100000000)
  region size 1024K, 67 young (68608K), 3 survivors (3072K)
 Metaspace       used 53758K, capacity 55439K, committed 55724K, reserved 1097728K
  class space    used 7401K, capacity 8324K, committed 8448K, reserved 1048576K
}
Event: 3.546 GC heap after
{Heap after GC invocations=10 (full 0):
 garbage-first heap   total 136192K, used 22554K [0x0000000094a00000, 0x0000000100000000)
  region size 1024K, 5 young (5120K), 5 survivors (5120K)
 Metaspace       used 53758K, capacity 55439K, committed 55724K, reserved 1097728K
  class space    used 7401K, capacity 8324K, committed 8448K, reserved 1048576K
}
Event: 3.645 GC heap before
{Heap before GC invocations=10 (full 0):
 garbage-first heap   total 136192K, used 38938K [0x0000000094a00000, 0x0000000100000000)
  region size 1024K, 23 young (23552K), 5 survivors (5120K)
 Metaspace       used 57778K, capacity 59471K, committed 59692K, reserved 1099776K
  class space    used 7775K, capacity 8708K, committed 8832K, reserved 1048576K
}
Event: 3.648 GC heap after
{Heap after GC invocations=11 (full 0):
 garbage-first heap   total 136192K, used 22775K [0x0000000094a00000, 0x0000000100000000)
  region size 1024K, 5 young (5120K), 5 survivors (5120K)
 Metaspace       used 57778K, capacity 59471K, committed 59692K, reserved 1099776K
  class space    used 7775K, capacity 8708K, committed 8832K, reserved 1048576K
}
Event: 4.265 GC heap before
{Heap before GC invocations=12 (full 0):
 garbage-first heap   total 136192K, used 87287K [0x0000000094a00000, 0x0000000100000000)
  region size 1024K, 68 young (69632K), 5 survivors (5120K)
 Metaspace       used 67576K, capacity 69753K, committed 69932K, reserved 1107968K
  class space    used 9386K, capacity 10549K, committed 10624K, reserved 1048576K
}
Event: 4.271 GC heap after
{Heap after GC invocations=13 (full 0):
 garbage-first heap   total 136192K, used 27021K [0x0000000094a00000, 0x0000000100000000)
  region size 1024K, 9 young (9216K), 9 survivors (9216K)
 Metaspace       used 67576K, capacity 69753K, committed 69932K, reserved 1107968K
  class space    used 9386K, capacity 10549K, committed 10624K, reserved 1048576K
}
Event: 7.956 GC heap before
{Heap before GC invocations=13 (full 0):
 garbage-first heap   total 136192K, used 90509K [0x0000000094a00000, 0x0000000100000000)
  region size 1024K, 72 young (73728K), 9 survivors (9216K)
 Metaspace       used 80941K, capacity 83743K, committed 83884K, reserved 1120256K
  class space    used 11000K, capacity 12461K, committed 12544K, reserved 1048576K
}
Event: 7.963 GC heap after
{Heap after GC invocations=14 (full 0):
 garbage-first heap   total 136192K, used 30258K [0x0000000094a00000, 0x0000000100000000)
  region size 1024K, 8 young (8192K), 8 survivors (8192K)
 Metaspace       used 80941K, capacity 83743K, committed 83884K, reserved 1120256K
  class space    used 11000K, capacity 12461K, committed 12544K, reserved 1048576K
}
Event: 8.472 GC heap before
{Heap before GC invocations=14 (full 0):
 garbage-first heap   total 136192K, used 94770K [0x0000000094a00000, 0x0000000100000000)
  region size 1024K, 72 young (73728K), 8 survivors (8192K)
 Metaspace       used 90935K, capacity 94274K, committed 94380K, reserved 1130496K
  class space    used 12558K, capacity 14286K, committed 14336K, reserved 1048576K
}
Event: 8.479 GC heap after
{Heap after GC invocations=15 (full 0):
 garbage-first heap   total 136192K, used 32144K [0x0000000094a00000, 0x0000000100000000)
  region size 1024K, 5 young (5120K), 5 survivors (5120K)
 Metaspace       used 90935K, capacity 94274K, committed 94380K, reserved 1130496K
  class space    used 12558K, capacity 14286K, committed 14336K, reserved 1048576K
}
Event: 19.510 GC heap before
{Heap before GC invocations=15 (full 0):
 garbage-first heap   total 136192K, used 97680K [0x0000000094a00000, 0x0000000100000000)
  region size 1024K, 70 young (71680K), 5 survivors (5120K)
 Metaspace       used 95742K, capacity 99453K, committed 99628K, reserved 1134592K
  class space    used 13022K, capacity 14914K, committed 14976K, reserved 1048576K
}
Event: 19.516 GC heap after
{Heap after GC invocations=16 (full 0):
 garbage-first heap   total 136192K, used 33139K [0x0000000094a00000, 0x0000000100000000)
  region size 1024K, 3 young (3072K), 3 survivors (3072K)
 Metaspace       used 95742K, capacity 99453K, committed 99628K, reserved 1134592K
  class space    used 13022K, capacity 14914K, committed 14976K, reserved 1048576K
}
Event: 34.994 GC heap before
{Heap before GC invocations=16 (full 0):
 garbage-first heap   total 136192K, used 99699K [0x0000000094a00000, 0x0000000100000000)
  region size 1024K, 68 young (69632K), 3 survivors (3072K)
 Metaspace       used 96002K, capacity 99788K, committed 99884K, reserved 1134592K
  class space    used 13072K, capacity 14975K, committed 14976K, reserved 1048576K
}
Event: 34.997 GC heap after
{Heap after GC invocations=17 (full 0):
 garbage-first heap   total 136192K, used 33600K [0x0000000094a00000, 0x0000000100000000)
  region size 1024K, 4 young (4096K), 4 survivors (4096K)
 Metaspace       used 96002K, capacity 99788K, committed 99884K, reserved 1134592K
  class space    used 13072K, capacity 14975K, committed 14976K, reserved 1048576K
}
Event: 35.048 GC heap before
{Heap before GC invocations=17 (full 0):
 garbage-first heap   total 136192K, used 51008K [0x0000000094a00000, 0x0000000100000000)
  region size 1024K, 22 young (22528K), 4 survivors (4096K)
 Metaspace       used 96152K, capacity 99890K, committed 99916K, reserved 1134592K
  class space    used 13079K, capacity 14982K, committed 15008K, reserved 1048576K
}
Event: 35.052 GC heap after
{Heap after GC invocations=18 (full 0):
 garbage-first heap   total 136192K, used 33339K [0x0000000094a00000, 0x0000000100000000)
  region size 1024K, 4 young (4096K), 4 survivors (4096K)
 Metaspace       used 96152K, capacity 99890K, committed 99916K, reserved 1134592K
  class space    used 13079K, capacity 14982K, committed 15008K, reserved 1048576K
}
Event: 36.391 GC heap before
{Heap before GC invocations=19 (full 0):
 garbage-first heap   total 136192K, used 107067K [0x0000000094a00000, 0x0000000100000000)
  region size 1024K, 71 young (72704K), 4 survivors (4096K)
 Metaspace       used 105725K, capacity 110754K, committed 110872K, reserved 1142784K
  class space    used 14760K, capacity 17247K, committed 17260K, reserved 1048576K
}
Event: 36.398 GC heap after
{Heap after GC invocations=20 (full 0):
 garbage-first heap   total 136192K, used 37235K [0x0000000094a00000, 0x0000000100000000)
  region size 1024K, 7 young (7168K), 7 survivors (7168K)
 Metaspace       used 105725K, capacity 110754K, committed 110872K, reserved 1142784K
  class space    used 14760K, capacity 17247K, committed 17260K, reserved 1048576K
}

